# JRE version: OpenJDK Runtime Environment Temurin-17.0.7+7 (17.0.7+7) (build 17.0.7+7)
# Java VM: OpenJDK 64-Bit Server VM Temurin-17.0.7+7 (17.0.7+7, mixed mode, tiered, compressed oops, compressed class ptrs, parallel gc, windows-amd64)
GC Precious Log:
 CPUs: 4 total, 4 available
 Memory: 7975M
 Large Page Support: Disabled
 NUMA Support: Disabled
 Compressed Oops: Enabled (32-bit)
 Alignments: Space 512K, Generation 512K, Heap 2M
 Heap Min Capacity: 100M
 Heap Initial Capacity: 100M
 Heap Max Capacity: 1G
 Pre-touch: Disabled
 Parallel Workers: 4
Heap:
 PSYoungGen      total 51712K, used 35112K [0x00000000eab00000, 0x00000000ef380000, 0x0000000100000000)
  eden space 46592K, 64% used [0x00000000eab00000,0x00000000ec86af38,0x00000000ed880000)
  from space 5120K, 97% used [0x00000000ee980000,0x00000000eee5f1c8,0x00000000eee80000)
  to   space 5120K, 0% used [0x00000000eee80000,0x00000000eee80000,0x00000000ef380000)
 ParOldGen       total 419328K, used 208337K [0x00000000c0000000, 0x00000000d9980000, 0x00000000eab00000)
  object space 419328K, 49% used [0x00000000c0000000,0x00000000ccb745f0,0x00000000d9980000)
 Metaspace       used 74668K, committed 75712K, reserved 1179648K
  class space    used 8126K, committed 8640K, reserved 1048576K
GC Heap History (20 events):
Event: 26.236 GC heap before
{Heap before GC invocations=105 (full 6):
 PSYoungGen      total 52224K, used 51660K [0x00000000eab00000, 0x00000000ef100000, 0x0000000100000000)
  eden space 34816K, 100% used [0x00000000eab00000,0x00000000ecd00000,0x00000000ecd00000)
  from space 17408K, 96% used [0x00000000ee000000,0x00000000ef073070,0x00000000ef100000)
  to   space 18432K, 0% used [0x00000000ecd00000,0x00000000ecd00000,0x00000000edf00000)
 ParOldGen       total 322560K, used 272606K [0x00000000c0000000, 0x00000000d3b00000, 0x00000000eab00000)
  object space 322560K, 84% used [0x00000000c0000000,0x00000000d0a37a18,0x00000000d3b00000)
 Metaspace       used 67181K, committed 68224K, reserved 1114112K
  class space    used 7210K, committed 7680K, reserved 1048576K
}
Event: 26.245 GC heap after
{Heap after GC invocations=105 (full 6):
 PSYoungGen      total 53248K, used 18405K [0x00000000eab00000, 0x00000000f0e80000, 0x0000000100000000)
  eden space 34816K, 0% used [0x00000000eab00000,0x00000000eab00000,0x00000000ecd00000)
  from space 18432K, 99% used [0x00000000ecd00000,0x00000000edef95c8,0x00000000edf00000)
  to   space 31744K, 0% used [0x00000000eef80000,0x00000000eef80000,0x00000000f0e80000)
 ParOldGen       total 322560K, used 283401K [0x00000000c0000000, 0x00000000d3b00000, 0x00000000eab00000)
  object space 322560K, 87% used [0x00000000c0000000,0x00000000d14c2598,0x00000000d3b00000)
 Metaspace       used 67181K, committed 68224K, reserved 1114112K
  class space    used 7210K, committed 7680K, reserved 1048576K
}
Event: 26.458 GC heap before
{Heap before GC invocations=106 (full 6):
 PSYoungGen      total 53248K, used 53221K [0x00000000eab00000, 0x00000000f0e80000, 0x0000000100000000)
  eden space 34816K, 100% used [0x00000000eab00000,0x00000000ecd00000,0x00000000ecd00000)
  from space 18432K, 99% used [0x00000000ecd00000,0x00000000edef95c8,0x00000000edf00000)
  to   space 31744K, 0% used [0x00000000eef80000,0x00000000eef80000,0x00000000f0e80000)
 ParOldGen       total 322560K, used 283401K [0x00000000c0000000, 0x00000000d3b00000, 0x00000000eab00000)
  object space 322560K, 87% used [0x00000000c0000000,0x00000000d14c2598,0x00000000d3b00000)
 Metaspace       used 67191K, committed 68224K, reserved 1114112K
  class space    used 7210K, committed 7680K, reserved 1048576K
}
Event: 26.474 GC heap after
{Heap after GC invocations=106 (full 6):
 PSYoungGen      total 65024K, used 26759K [0x00000000eab00000, 0x00000000f0a00000, 0x0000000100000000)
  eden space 37888K, 0% used [0x00000000eab00000,0x00000000eab00000,0x00000000ed000000)
  from space 27136K, 98% used [0x00000000eef80000,0x00000000f09a1f50,0x00000000f0a00000)
  to   space 27648K, 0% used [0x00000000ed400000,0x00000000ed400000,0x00000000eef00000)
 ParOldGen       total 322560K, used 289331K [0x00000000c0000000, 0x00000000d3b00000, 0x00000000eab00000)
  object space 322560K, 89% used [0x00000000c0000000,0x00000000d1a8cc48,0x00000000d3b00000)
 Metaspace       used 67191K, committed 68224K, reserved 1114112K
  class space    used 7210K, committed 7680K, reserved 1048576K
}
Event: 27.062 GC heap before
{Heap before GC invocations=107 (full 6):
 PSYoungGen      total 65024K, used 64647K [0x00000000eab00000, 0x00000000f0a00000, 0x0000000100000000)
  eden space 37888K, 100% used [0x00000000eab00000,0x00000000ed000000,0x00000000ed000000)
  from space 27136K, 98% used [0x00000000eef80000,0x00000000f09a1f50,0x00000000f0a00000)
  to   space 27648K, 0% used [0x00000000ed400000,0x00000000ed400000,0x00000000eef00000)
 ParOldGen       total 322560K, used 289331K [0x00000000c0000000, 0x00000000d3b00000, 0x00000000eab00000)
  object space 322560K, 89% used [0x00000000c0000000,0x00000000d1a8cc48,0x00000000d3b00000)
 Metaspace       used 67191K, committed 68224K, reserved 1114112K
  class space    used 7210K, committed 7680K, reserved 1048576K
}
Event: 27.089 GC heap after
{Heap after GC invocations=107 (full 6):
 PSYoungGen      total 68608K, used 27619K [0x00000000eab00000, 0x00000000f4100000, 0x0000000100000000)
  eden space 40960K, 0% used [0x00000000eab00000,0x00000000eab00000,0x00000000ed300000)
  from space 27648K, 99% used [0x00000000ed400000,0x00000000eeef8c08,0x00000000eef00000)
  to   space 56320K, 0% used [0x00000000f0a00000,0x00000000f0a00000,0x00000000f4100000)
 ParOldGen       total 322560K, used 313672K [0x00000000c0000000, 0x00000000d3b00000, 0x00000000eab00000)
  object space 322560K, 97% used [0x00000000c0000000,0x00000000d3252260,0x00000000d3b00000)
 Metaspace       used 67191K, committed 68224K, reserved 1114112K
  class space    used 7210K, committed 7680K, reserved 1048576K
}
Event: 27.089 GC heap before
{Heap before GC invocations=108 (full 7):
 PSYoungGen      total 68608K, used 27619K [0x00000000eab00000, 0x00000000f4100000, 0x0000000100000000)
  eden space 40960K, 0% used [0x00000000eab00000,0x00000000eab00000,0x00000000ed300000)
  from space 27648K, 99% used [0x00000000ed400000,0x00000000eeef8c08,0x00000000eef00000)
  to   space 56320K, 0% used [0x00000000f0a00000,0x00000000f0a00000,0x00000000f4100000)
 ParOldGen       total 322560K, used 313672K [0x00000000c0000000, 0x00000000d3b00000, 0x00000000eab00000)
  object space 322560K, 97% used [0x00000000c0000000,0x00000000d3252260,0x00000000d3b00000)
 Metaspace       used 67191K, committed 68224K, reserved 1114112K
  class space    used 7210K, committed 7680K, reserved 1048576K
}
Event: 27.566 GC heap after
{Heap after GC invocations=108 (full 7):
 PSYoungGen      total 69632K, used 15107K [0x00000000eab00000, 0x00000000f4400000, 0x0000000100000000)
  eden space 41984K, 0% used [0x00000000eab00000,0x00000000eab00000,0x00000000ed400000)
  from space 27648K, 54% used [0x00000000ed400000,0x00000000ee2c0da8,0x00000000eef00000)
  to   space 56320K, 0% used [0x00000000f0d00000,0x00000000f0d00000,0x00000000f4400000)
 ParOldGen       total 322560K, used 322044K [0x00000000c0000000, 0x00000000d3b00000, 0x00000000eab00000)
  object space 322560K, 99% used [0x00000000c0000000,0x00000000d3a7f020,0x00000000d3b00000)
 Metaspace       used 67191K, committed 68224K, reserved 1114112K
  class space    used 7210K, committed 7680K, reserved 1048576K
}
Event: 28.258 GC heap before
{Heap before GC invocations=109 (full 8):
 PSYoungGen      total 69632K, used 56968K [0x00000000eab00000, 0x00000000f4400000, 0x0000000100000000)
  eden space 41984K, 99% used [0x00000000eab00000,0x00000000ed3e12e8,0x00000000ed400000)
  from space 27648K, 54% used [0x00000000ed400000,0x00000000ee2c0da8,0x00000000eef00000)
  to   space 56320K, 0% used [0x00000000f0d00000,0x00000000f0d00000,0x00000000f4400000)
 ParOldGen       total 322560K, used 322044K [0x00000000c0000000, 0x00000000d3b00000, 0x00000000eab00000)
  object space 322560K, 99% used [0x00000000c0000000,0x00000000d3a7f020,0x00000000d3b00000)
 Metaspace       used 67235K, committed 68288K, reserved 1114112K
  class space    used 7210K, committed 7680K, reserved 1048576K
}
Event: 28.367 GC heap after
{Heap after GC invocations=109 (full 8):
 PSYoungGen      total 100352K, used 0K [0x00000000eab00000, 0x00000000f4580000, 0x0000000100000000)
  eden space 44032K, 0% used [0x00000000eab00000,0x00000000eab00000,0x00000000ed600000)
  from space 56320K, 0% used [0x00000000f0d00000,0x00000000f0d00000,0x00000000f4400000)
  to   space 56320K, 0% used [0x00000000ed600000,0x00000000ed600000,0x00000000f0d00000)
 ParOldGen       total 419328K, used 206177K [0x00000000c0000000, 0x00000000d9980000, 0x00000000eab00000)
  object space 419328K, 49% used [0x00000000c0000000,0x00000000cc9585f0,0x00000000d9980000)
 Metaspace       used 67235K, committed 68288K, reserved 1114112K
  class space    used 7210K, committed 7680K, reserved 1048576K
}
Event: 41.999 GC heap before
{Heap before GC invocations=110 (full 8):
 PSYoungGen      total 100352K, used 44018K [0x00000000eab00000, 0x00000000f4580000, 0x0000000100000000)
  eden space 44032K, 99% used [0x00000000eab00000,0x00000000ed5fc9b0,0x00000000ed600000)
  from space 56320K, 0% used [0x00000000f0d00000,0x00000000f0d00000,0x00000000f4400000)
  to   space 56320K, 0% used [0x00000000ed600000,0x00000000ed600000,0x00000000f0d00000)
 ParOldGen       total 419328K, used 206177K [0x00000000c0000000, 0x00000000d9980000, 0x00000000eab00000)
  object space 419328K, 49% used [0x00000000c0000000,0x00000000cc9585f0,0x00000000d9980000)
 Metaspace       used 67993K, committed 69056K, reserved 1114112K
  class space    used 7281K, committed 7744K, reserved 1048576K
}
Event: 42.010 GC heap after
{Heap after GC invocations=110 (full 8):
 PSYoungGen      total 50176K, used 5776K [0x00000000eab00000, 0x00000000f0d80000, 0x0000000100000000)
  eden space 44032K, 0% used [0x00000000eab00000,0x00000000eab00000,0x00000000ed600000)
  from space 6144K, 94% used [0x00000000ed600000,0x00000000edba41b8,0x00000000edc00000)
  to   space 23040K, 0% used [0x00000000ef700000,0x00000000ef700000,0x00000000f0d80000)
 ParOldGen       total 419328K, used 206185K [0x00000000c0000000, 0x00000000d9980000, 0x00000000eab00000)
  object space 419328K, 49% used [0x00000000c0000000,0x00000000cc95a5f0,0x00000000d9980000)
 Metaspace       used 67993K, committed 69056K, reserved 1114112K
  class space    used 7281K, committed 7744K, reserved 1048576K
}
Event: 60.976 GC heap before
{Heap before GC invocations=111 (full 8):
 PSYoungGen      total 50176K, used 49808K [0x00000000eab00000, 0x00000000f0d80000, 0x0000000100000000)
  eden space 44032K, 100% used [0x00000000eab00000,0x00000000ed600000,0x00000000ed600000)
  from space 6144K, 94% used [0x00000000ed600000,0x00000000edba41b8,0x00000000edc00000)
  to   space 23040K, 0% used [0x00000000ef700000,0x00000000ef700000,0x00000000f0d80000)
 ParOldGen       total 419328K, used 206185K [0x00000000c0000000, 0x00000000d9980000, 0x00000000eab00000)
  object space 419328K, 49% used [0x00000000c0000000,0x00000000cc95a5f0,0x00000000d9980000)
 Metaspace       used 69581K, committed 70656K, reserved 1114112K
  class space    used 7470K, committed 7936K, reserved 1048576K
}
Event: 60.987 GC heap after
{Heap after GC invocations=111 (full 8):
 PSYoungGen      total 54784K, used 7960K [0x00000000eab00000, 0x00000000eff00000, 0x0000000100000000)
  eden space 46592K, 0% used [0x00000000eab00000,0x00000000eab00000,0x00000000ed880000)
  from space 8192K, 97% used [0x00000000ef700000,0x00000000efec63e8,0x00000000eff00000)
  to   space 10240K, 0% used [0x00000000eeb00000,0x00000000eeb00000,0x00000000ef500000)
 ParOldGen       total 419328K, used 206193K [0x00000000c0000000, 0x00000000d9980000, 0x00000000eab00000)
  object space 419328K, 49% used [0x00000000c0000000,0x00000000cc95c5f0,0x00000000d9980000)
 Metaspace       used 69581K, committed 70656K, reserved 1114112K
  class space    used 7470K, committed 7936K, reserved 1048576K
}
Event: 75.212 GC heap before
{Heap before GC invocations=112 (full 8):
 PSYoungGen      total 54784K, used 54552K [0x00000000eab00000, 0x00000000eff00000, 0x0000000100000000)
  eden space 46592K, 100% used [0x00000000eab00000,0x00000000ed880000,0x00000000ed880000)
  from space 8192K, 97% used [0x00000000ef700000,0x00000000efec63e8,0x00000000eff00000)
  to   space 10240K, 0% used [0x00000000eeb00000,0x00000000eeb00000,0x00000000ef500000)
 ParOldGen       total 419328K, used 206193K [0x00000000c0000000, 0x00000000d9980000, 0x00000000eab00000)
  object space 419328K, 49% used [0x00000000c0000000,0x00000000cc95c5f0,0x00000000d9980000)
 Metaspace       used 69639K, committed 70656K, reserved 1114112K
  class space    used 7472K, committed 7936K, reserved 1048576K
}
Event: 75.223 GC heap after
{Heap after GC invocations=112 (full 8):
 PSYoungGen      total 54784K, used 7736K [0x00000000eab00000, 0x00000000ef780000, 0x0000000100000000)
  eden space 46592K, 0% used [0x00000000eab00000,0x00000000eab00000,0x00000000ed880000)
  from space 8192K, 94% used [0x00000000eeb00000,0x00000000ef28e3e8,0x00000000ef300000)
  to   space 4608K, 0% used [0x00000000ef300000,0x00000000ef300000,0x00000000ef780000)
 ParOldGen       total 419328K, used 206201K [0x00000000c0000000, 0x00000000d9980000, 0x00000000eab00000)
  object space 419328K, 49% used [0x00000000c0000000,0x00000000cc95e5f0,0x00000000d9980000)
 Metaspace       used 69639K, committed 70656K, reserved 1114112K
  class space    used 7472K, committed 7936K, reserved 1048576K
}
Event: 103.755 GC heap before
{Heap before GC invocations=113 (full 8):
 PSYoungGen      total 54784K, used 54328K [0x00000000eab00000, 0x00000000ef780000, 0x0000000100000000)
  eden space 46592K, 100% used [0x00000000eab00000,0x00000000ed880000,0x00000000ed880000)
  from space 8192K, 94% used [0x00000000eeb00000,0x00000000ef28e3e8,0x00000000ef300000)
  to   space 4608K, 0% used [0x00000000ef300000,0x00000000ef300000,0x00000000ef780000)
 ParOldGen       total 419328K, used 206201K [0x00000000c0000000, 0x00000000d9980000, 0x00000000eab00000)
  object space 419328K, 49% used [0x00000000c0000000,0x00000000cc95e5f0,0x00000000d9980000)
 Metaspace       used 69877K, committed 70912K, reserved 1114112K
  class space    used 7477K, committed 7936K, reserved 1048576K
}
Event: 103.766 GC heap after
{Heap after GC invocations=113 (full 8):
 PSYoungGen      total 51200K, used 4587K [0x00000000eab00000, 0x00000000ef780000, 0x0000000100000000)
  eden space 46592K, 0% used [0x00000000eab00000,0x00000000eab00000,0x00000000ed880000)
  from space 4608K, 99% used [0x00000000ef300000,0x00000000ef77ad68,0x00000000ef780000)
  to   space 7168K, 0% used [0x00000000ee980000,0x00000000ee980000,0x00000000ef080000)
 ParOldGen       total 419328K, used 208329K [0x00000000c0000000, 0x00000000d9980000, 0x00000000eab00000)
  object space 419328K, 49% used [0x00000000c0000000,0x00000000ccb725f0,0x00000000d9980000)
 Metaspace       used 69877K, committed 70912K, reserved 1114112K
  class space    used 7477K, committed 7936K, reserved 1048576K
}
Event: 128.566 GC heap before
{Heap before GC invocations=114 (full 8):
 PSYoungGen      total 51200K, used 51179K [0x00000000eab00000, 0x00000000ef780000, 0x0000000100000000)
  eden space 46592K, 100% used [0x00000000eab00000,0x00000000ed880000,0x00000000ed880000)
  from space 4608K, 99% used [0x00000000ef300000,0x00000000ef77ad68,0x00000000ef780000)
  to   space 7168K, 0% used [0x00000000ee980000,0x00000000ee980000,0x00000000ef080000)
 ParOldGen       total 419328K, used 208329K [0x00000000c0000000, 0x00000000d9980000, 0x00000000eab00000)
  object space 419328K, 49% used [0x00000000c0000000,0x00000000ccb725f0,0x00000000d9980000)
 Metaspace       used 71908K, committed 72960K, reserved 1114112K
  class space    used 7649K, committed 8128K, reserved 1048576K
}
Event: 128.572 GC heap after
{Heap after GC invocations=114 (full 8):
 PSYoungGen      total 51712K, used 4988K [0x00000000eab00000, 0x00000000ef380000, 0x0000000100000000)
  eden space 46592K, 0% used [0x00000000eab00000,0x00000000eab00000,0x00000000ed880000)
  from space 5120K, 97% used [0x00000000ee980000,0x00000000eee5f1c8,0x00000000eee80000)
  to   space 5120K, 0% used [0x00000000eee80000,0x00000000eee80000,0x00000000ef380000)
 ParOldGen       total 419328K, used 208337K [0x00000000c0000000, 0x00000000d9980000, 0x00000000eab00000)
  object space 419328K, 49% used [0x00000000c0000000,0x00000000ccb745f0,0x00000000d9980000)
 Metaspace       used 71908K, committed 72960K, reserved 1114112K
  class space    used 7649K, committed 8128K, reserved 1048576K
}

