# JRE version: OpenJDK Runtime Environment Temurin-17.0.7+7 (17.0.7+7) (build 17.0.7+7)
# Java VM: OpenJDK 64-Bit Server VM Temurin-17.0.7+7 (17.0.7+7, mixed mode, tiered, compressed oops, compressed class ptrs, parallel gc, windows-amd64)
GC Precious Log:
 CPUs: 4 total, 4 available
 Memory: 7975M
 Large Page Support: Disabled
 NUMA Support: Disabled
 Compressed Oops: Enabled (32-bit)
 Alignments: Space 512K, Generation 512K, Heap 2M
 Heap Min Capacity: 100M
 Heap Initial Capacity: 100M
 Heap Max Capacity: 1G
 Pre-touch: Disabled
 Parallel Workers: 4
Heap:
 PSYoungGen      total 17920K, used 16089K [0x00000000eab00000, 0x00000000ec580000, 0x0000000100000000)
  eden space 16896K, 89% used [0x00000000eab00000,0x00000000eb9b9bf0,0x00000000ebb80000)
  from space 1024K, 98% used [0x00000000ebf80000,0x00000000ec07c9a8,0x00000000ec080000)
  to   space 4096K, 0% used [0x00000000ebb80000,0x00000000ebb80000,0x00000000ebf80000)
 ParOldGen       total 68608K, used 52127K [0x00000000c0000000, 0x00000000c4300000, 0x00000000eab00000)
  object space 68608K, 75% used [0x00000000c0000000,0x00000000c32e7ed8,0x00000000c4300000)
 Metaspace       used 65689K, committed 66624K, reserved 1114112K
  class space    used 7101K, committed 7488K, reserved 1048576K
GC Heap History (20 events):
Event: 10.842 GC heap before
{Heap before GC invocations=32 (full 2):
 PSYoungGen      total 20480K, used 8763K [0x00000000eab00000, 0x00000000ec300000, 0x0000000100000000)
  eden space 19456K, 41% used [0x00000000eab00000,0x00000000eb2d6c90,0x00000000ebe00000)
  from space 1024K, 71% used [0x00000000ebe80000,0x00000000ebf38180,0x00000000ebf80000)
  to   space 1536K, 0% used [0x00000000ec180000,0x00000000ec180000,0x00000000ec300000)
 ParOldGen       total 68608K, used 45287K [0x00000000c0000000, 0x00000000c4300000, 0x00000000eab00000)
  object space 68608K, 66% used [0x00000000c0000000,0x00000000c2c39c60,0x00000000c4300000)
 Metaspace       used 59012K, committed 59776K, reserved 1114112K
  class space    used 6448K, committed 6784K, reserved 1048576K
}
Event: 10.843 GC heap after
{Heap after GC invocations=32 (full 2):
 PSYoungGen      total 19968K, used 128K [0x00000000eab00000, 0x00000000ec200000, 0x0000000100000000)
  eden space 19456K, 0% used [0x00000000eab00000,0x00000000eab00000,0x00000000ebe00000)
  from space 512K, 25% used [0x00000000ec180000,0x00000000ec1a0000,0x00000000ec200000)
  to   space 512K, 0% used [0x00000000ec100000,0x00000000ec100000,0x00000000ec180000)
 ParOldGen       total 68608K, used 45727K [0x00000000c0000000, 0x00000000c4300000, 0x00000000eab00000)
  object space 68608K, 66% used [0x00000000c0000000,0x00000000c2ca7df8,0x00000000c4300000)
 Metaspace       used 59012K, committed 59776K, reserved 1114112K
  class space    used 6448K, committed 6784K, reserved 1048576K
}
Event: 10.843 GC heap before
{Heap before GC invocations=33 (full 3):
 PSYoungGen      total 19968K, used 128K [0x00000000eab00000, 0x00000000ec200000, 0x0000000100000000)
  eden space 19456K, 0% used [0x00000000eab00000,0x00000000eab00000,0x00000000ebe00000)
  from space 512K, 25% used [0x00000000ec180000,0x00000000ec1a0000,0x00000000ec200000)
  to   space 512K, 0% used [0x00000000ec100000,0x00000000ec100000,0x00000000ec180000)
 ParOldGen       total 68608K, used 45727K [0x00000000c0000000, 0x00000000c4300000, 0x00000000eab00000)
  object space 68608K, 66% used [0x00000000c0000000,0x00000000c2ca7df8,0x00000000c4300000)
 Metaspace       used 59012K, committed 59776K, reserved 1114112K
  class space    used 6448K, committed 6784K, reserved 1048576K
}
Event: 10.922 GC heap after
{Heap after GC invocations=33 (full 3):
 PSYoungGen      total 19968K, used 0K [0x00000000eab00000, 0x00000000ec200000, 0x0000000100000000)
  eden space 19456K, 0% used [0x00000000eab00000,0x00000000eab00000,0x00000000ebe00000)
  from space 512K, 0% used [0x00000000ec180000,0x00000000ec180000,0x00000000ec200000)
  to   space 512K, 0% used [0x00000000ec100000,0x00000000ec100000,0x00000000ec180000)
 ParOldGen       total 68608K, used 40912K [0x00000000c0000000, 0x00000000c4300000, 0x00000000eab00000)
  object space 68608K, 59% used [0x00000000c0000000,0x00000000c27f4020,0x00000000c4300000)
 Metaspace       used 59012K, committed 59776K, reserved 1114112K
  class space    used 6448K, committed 6784K, reserved 1048576K
}
Event: 11.276 GC heap before
{Heap before GC invocations=34 (full 3):
 PSYoungGen      total 19968K, used 19456K [0x00000000eab00000, 0x00000000ec200000, 0x0000000100000000)
  eden space 19456K, 100% used [0x00000000eab00000,0x00000000ebe00000,0x00000000ebe00000)
  from space 512K, 0% used [0x00000000ec180000,0x00000000ec180000,0x00000000ec200000)
  to   space 512K, 0% used [0x00000000ec100000,0x00000000ec100000,0x00000000ec180000)
 ParOldGen       total 68608K, used 40912K [0x00000000c0000000, 0x00000000c4300000, 0x00000000eab00000)
  object space 68608K, 59% used [0x00000000c0000000,0x00000000c27f4020,0x00000000c4300000)
 Metaspace       used 61524K, committed 62400K, reserved 1114112K
  class space    used 6707K, committed 7040K, reserved 1048576K
}
Event: 11.278 GC heap after
{Heap after GC invocations=34 (full 3):
 PSYoungGen      total 19968K, used 486K [0x00000000eab00000, 0x00000000ec300000, 0x0000000100000000)
  eden space 19456K, 0% used [0x00000000eab00000,0x00000000eab00000,0x00000000ebe00000)
  from space 512K, 95% used [0x00000000ec100000,0x00000000ec179bd0,0x00000000ec180000)
  to   space 1536K, 0% used [0x00000000ec180000,0x00000000ec180000,0x00000000ec300000)
 ParOldGen       total 68608K, used 42481K [0x00000000c0000000, 0x00000000c4300000, 0x00000000eab00000)
  object space 68608K, 61% used [0x00000000c0000000,0x00000000c297c620,0x00000000c4300000)
 Metaspace       used 61524K, committed 62400K, reserved 1114112K
  class space    used 6707K, committed 7040K, reserved 1048576K
}
Event: 11.330 GC heap before
{Heap before GC invocations=35 (full 3):
 PSYoungGen      total 19968K, used 19942K [0x00000000eab00000, 0x00000000ec300000, 0x0000000100000000)
  eden space 19456K, 100% used [0x00000000eab00000,0x00000000ebe00000,0x00000000ebe00000)
  from space 512K, 95% used [0x00000000ec100000,0x00000000ec179bd0,0x00000000ec180000)
  to   space 1536K, 0% used [0x00000000ec180000,0x00000000ec180000,0x00000000ec300000)
 ParOldGen       total 68608K, used 42481K [0x00000000c0000000, 0x00000000c4300000, 0x00000000eab00000)
  object space 68608K, 61% used [0x00000000c0000000,0x00000000c297c620,0x00000000c4300000)
 Metaspace       used 61591K, committed 62464K, reserved 1114112K
  class space    used 6711K, committed 7040K, reserved 1048576K
}
Event: 11.331 GC heap after
{Heap after GC invocations=35 (full 3):
 PSYoungGen      total 19968K, used 370K [0x00000000eab00000, 0x00000000ec200000, 0x0000000100000000)
  eden space 19456K, 0% used [0x00000000eab00000,0x00000000eab00000,0x00000000ebe00000)
  from space 512K, 72% used [0x00000000ec180000,0x00000000ec1dc810,0x00000000ec200000)
  to   space 1024K, 0% used [0x00000000ec000000,0x00000000ec000000,0x00000000ec100000)
 ParOldGen       total 68608K, used 42985K [0x00000000c0000000, 0x00000000c4300000, 0x00000000eab00000)
  object space 68608K, 62% used [0x00000000c0000000,0x00000000c29fa518,0x00000000c4300000)
 Metaspace       used 61591K, committed 62464K, reserved 1114112K
  class space    used 6711K, committed 7040K, reserved 1048576K
}
Event: 11.386 GC heap before
{Heap before GC invocations=36 (full 3):
 PSYoungGen      total 19968K, used 19826K [0x00000000eab00000, 0x00000000ec200000, 0x0000000100000000)
  eden space 19456K, 100% used [0x00000000eab00000,0x00000000ebe00000,0x00000000ebe00000)
  from space 512K, 72% used [0x00000000ec180000,0x00000000ec1dc810,0x00000000ec200000)
  to   space 1024K, 0% used [0x00000000ec000000,0x00000000ec000000,0x00000000ec100000)
 ParOldGen       total 68608K, used 42985K [0x00000000c0000000, 0x00000000c4300000, 0x00000000eab00000)
  object space 68608K, 62% used [0x00000000c0000000,0x00000000c29fa518,0x00000000c4300000)
 Metaspace       used 61610K, committed 62464K, reserved 1114112K
  class space    used 6713K, committed 7040K, reserved 1048576K
}
Event: 11.387 GC heap after
{Heap after GC invocations=36 (full 3):
 PSYoungGen      total 20480K, used 1024K [0x00000000eab00000, 0x00000000ec200000, 0x0000000100000000)
  eden space 19456K, 0% used [0x00000000eab00000,0x00000000eab00000,0x00000000ebe00000)
  from space 1024K, 100% used [0x00000000ec000000,0x00000000ec100000,0x00000000ec100000)
  to   space 1024K, 0% used [0x00000000ec100000,0x00000000ec100000,0x00000000ec200000)
 ParOldGen       total 68608K, used 43613K [0x00000000c0000000, 0x00000000c4300000, 0x00000000eab00000)
  object space 68608K, 63% used [0x00000000c0000000,0x00000000c2a974a0,0x00000000c4300000)
 Metaspace       used 61610K, committed 62464K, reserved 1114112K
  class space    used 6713K, committed 7040K, reserved 1048576K
}
Event: 11.714 GC heap before
{Heap before GC invocations=37 (full 3):
 PSYoungGen      total 20480K, used 20480K [0x00000000eab00000, 0x00000000ec200000, 0x0000000100000000)
  eden space 19456K, 100% used [0x00000000eab00000,0x00000000ebe00000,0x00000000ebe00000)
  from space 1024K, 100% used [0x00000000ec000000,0x00000000ec100000,0x00000000ec100000)
  to   space 1024K, 0% used [0x00000000ec100000,0x00000000ec100000,0x00000000ec200000)
 ParOldGen       total 68608K, used 43613K [0x00000000c0000000, 0x00000000c4300000, 0x00000000eab00000)
  object space 68608K, 63% used [0x00000000c0000000,0x00000000c2a974a0,0x00000000c4300000)
 Metaspace       used 63367K, committed 64256K, reserved 1114112K
  class space    used 6884K, committed 7232K, reserved 1048576K
}
Event: 11.720 GC heap after
{Heap after GC invocations=37 (full 3):
 PSYoungGen      total 19968K, used 1010K [0x00000000eab00000, 0x00000000ec500000, 0x0000000100000000)
  eden space 18944K, 0% used [0x00000000eab00000,0x00000000eab00000,0x00000000ebd80000)
  from space 1024K, 98% used [0x00000000ec100000,0x00000000ec1fc878,0x00000000ec200000)
  to   space 3584K, 0% used [0x00000000ebd80000,0x00000000ebd80000,0x00000000ec100000)
 ParOldGen       total 68608K, used 45857K [0x00000000c0000000, 0x00000000c4300000, 0x00000000eab00000)
  object space 68608K, 66% used [0x00000000c0000000,0x00000000c2cc87d0,0x00000000c4300000)
 Metaspace       used 63367K, committed 64256K, reserved 1114112K
  class space    used 6884K, committed 7232K, reserved 1048576K
}
Event: 12.188 GC heap before
{Heap before GC invocations=38 (full 3):
 PSYoungGen      total 19968K, used 19954K [0x00000000eab00000, 0x00000000ec500000, 0x0000000100000000)
  eden space 18944K, 100% used [0x00000000eab00000,0x00000000ebd80000,0x00000000ebd80000)
  from space 1024K, 98% used [0x00000000ec100000,0x00000000ec1fc878,0x00000000ec200000)
  to   space 3584K, 0% used [0x00000000ebd80000,0x00000000ebd80000,0x00000000ec100000)
 ParOldGen       total 68608K, used 45857K [0x00000000c0000000, 0x00000000c4300000, 0x00000000eab00000)
  object space 68608K, 66% used [0x00000000c0000000,0x00000000c2cc87d0,0x00000000c4300000)
 Metaspace       used 64163K, committed 65024K, reserved 1114112K
  class space    used 6967K, committed 7296K, reserved 1048576K
}
Event: 12.190 GC heap after
{Heap after GC invocations=38 (full 3):
 PSYoungGen      total 20992K, used 1733K [0x00000000eab00000, 0x00000000ec280000, 0x0000000100000000)
  eden space 18944K, 0% used [0x00000000eab00000,0x00000000eab00000,0x00000000ebd80000)
  from space 2048K, 84% used [0x00000000ebd80000,0x00000000ebf31670,0x00000000ebf80000)
  to   space 2560K, 0% used [0x00000000ec000000,0x00000000ec000000,0x00000000ec280000)
 ParOldGen       total 68608K, used 46859K [0x00000000c0000000, 0x00000000c4300000, 0x00000000eab00000)
  object space 68608K, 68% used [0x00000000c0000000,0x00000000c2dc2e58,0x00000000c4300000)
 Metaspace       used 64163K, committed 65024K, reserved 1114112K
  class space    used 6967K, committed 7296K, reserved 1048576K
}
Event: 12.241 GC heap before
{Heap before GC invocations=39 (full 3):
 PSYoungGen      total 20992K, used 20677K [0x00000000eab00000, 0x00000000ec280000, 0x0000000100000000)
  eden space 18944K, 100% used [0x00000000eab00000,0x00000000ebd80000,0x00000000ebd80000)
  from space 2048K, 84% used [0x00000000ebd80000,0x00000000ebf31670,0x00000000ebf80000)
  to   space 2560K, 0% used [0x00000000ec000000,0x00000000ec000000,0x00000000ec280000)
 ParOldGen       total 68608K, used 46859K [0x00000000c0000000, 0x00000000c4300000, 0x00000000eab00000)
  object space 68608K, 68% used [0x00000000c0000000,0x00000000c2dc2e58,0x00000000c4300000)
 Metaspace       used 64289K, committed 65216K, reserved 1114112K
  class space    used 6974K, committed 7360K, reserved 1048576K
}
Event: 12.243 GC heap after
{Heap after GC invocations=39 (full 3):
 PSYoungGen      total 20480K, used 1216K [0x00000000eab00000, 0x00000000ec180000, 0x0000000100000000)
  eden space 18944K, 0% used [0x00000000eab00000,0x00000000eab00000,0x00000000ebd80000)
  from space 1536K, 79% used [0x00000000ec000000,0x00000000ec130000,0x00000000ec180000)
  to   space 1536K, 0% used [0x00000000ebe80000,0x00000000ebe80000,0x00000000ec000000)
 ParOldGen       total 68608K, used 48540K [0x00000000c0000000, 0x00000000c4300000, 0x00000000eab00000)
  object space 68608K, 70% used [0x00000000c0000000,0x00000000c2f673d8,0x00000000c4300000)
 Metaspace       used 64289K, committed 65216K, reserved 1114112K
  class space    used 6974K, committed 7360K, reserved 1048576K
}
Event: 12.333 GC heap before
{Heap before GC invocations=40 (full 3):
 PSYoungGen      total 20480K, used 20160K [0x00000000eab00000, 0x00000000ec180000, 0x0000000100000000)
  eden space 18944K, 100% used [0x00000000eab00000,0x00000000ebd80000,0x00000000ebd80000)
  from space 1536K, 79% used [0x00000000ec000000,0x00000000ec130000,0x00000000ec180000)
  to   space 1536K, 0% used [0x00000000ebe80000,0x00000000ebe80000,0x00000000ec000000)
 ParOldGen       total 68608K, used 48540K [0x00000000c0000000, 0x00000000c4300000, 0x00000000eab00000)
  object space 68608K, 70% used [0x00000000c0000000,0x00000000c2f673d8,0x00000000c4300000)
 Metaspace       used 64504K, committed 65408K, reserved 1114112K
  class space    used 6991K, committed 7360K, reserved 1048576K
}
Event: 12.335 GC heap after
{Heap after GC invocations=40 (full 3):
 PSYoungGen      total 19968K, used 768K [0x00000000eab00000, 0x00000000ec080000, 0x0000000100000000)
  eden space 18944K, 0% used [0x00000000eab00000,0x00000000eab00000,0x00000000ebd80000)
  from space 1024K, 75% used [0x00000000ebe80000,0x00000000ebf40000,0x00000000ebf80000)
  to   space 1024K, 0% used [0x00000000ebf80000,0x00000000ebf80000,0x00000000ec080000)
 ParOldGen       total 68608K, used 49684K [0x00000000c0000000, 0x00000000c4300000, 0x00000000eab00000)
  object space 68608K, 72% used [0x00000000c0000000,0x00000000c30853d8,0x00000000c4300000)
 Metaspace       used 64504K, committed 65408K, reserved 1114112K
  class space    used 6991K, committed 7360K, reserved 1048576K
}
Event: 12.513 GC heap before
{Heap before GC invocations=41 (full 3):
 PSYoungGen      total 19968K, used 19712K [0x00000000eab00000, 0x00000000ec080000, 0x0000000100000000)
  eden space 18944K, 100% used [0x00000000eab00000,0x00000000ebd80000,0x00000000ebd80000)
  from space 1024K, 75% used [0x00000000ebe80000,0x00000000ebf40000,0x00000000ebf80000)
  to   space 1024K, 0% used [0x00000000ebf80000,0x00000000ebf80000,0x00000000ec080000)
 ParOldGen       total 68608K, used 49684K [0x00000000c0000000, 0x00000000c4300000, 0x00000000eab00000)
  object space 68608K, 72% used [0x00000000c0000000,0x00000000c30853d8,0x00000000c4300000)
 Metaspace       used 65159K, committed 66048K, reserved 1114112K
  class space    used 7037K, committed 7360K, reserved 1048576K
}
Event: 12.517 GC heap after
{Heap after GC invocations=41 (full 3):
 PSYoungGen      total 17920K, used 1010K [0x00000000eab00000, 0x00000000ec580000, 0x0000000100000000)
  eden space 16896K, 0% used [0x00000000eab00000,0x00000000eab00000,0x00000000ebb80000)
  from space 1024K, 98% used [0x00000000ebf80000,0x00000000ec07c9a8,0x00000000ec080000)
  to   space 4096K, 0% used [0x00000000ebb80000,0x00000000ebb80000,0x00000000ebf80000)
 ParOldGen       total 68608K, used 52127K [0x00000000c0000000, 0x00000000c4300000, 0x00000000eab00000)
  object space 68608K, 75% used [0x00000000c0000000,0x00000000c32e7ed8,0x00000000c4300000)
 Metaspace       used 65159K, committed 66048K, reserved 1114112K
  class space    used 7037K, committed 7360K, reserved 1048576K
}

